mode: atomic
github.com/disaster37/go-kibana-rest/v7/kibana.go:26.42,28.2 1 1
github.com/disaster37/go-kibana-rest/v7/kibana.go:31.45,32.23 1 2
github.com/disaster37/go-kibana-rest/v7/kibana.go:36.2,42.31 2 2
github.com/disaster37/go-kibana-rest/v7/kibana.go:46.2,51.34 2 2
github.com/disaster37/go-kibana-rest/v7/kibana.go:55.2,55.20 1 2
github.com/disaster37/go-kibana-rest/v7/kibana.go:32.23,34.3 1 1
github.com/disaster37/go-kibana-rest/v7/kibana.go:42.31,44.3 1 0
github.com/disaster37/go-kibana-rest/v7/kibana.go:51.34,53.3 1 1
github.com/disaster37/go-kibana-rest/v7/kbapi/api._.go:72.32,114.2 1 1
github.com/disaster37/go-kibana-rest/v7/kbapi/api.kibana_role_management.go:67.38,70.2 2 4
github.com/disaster37/go-kibana-rest/v7/kbapi/api.kibana_role_management.go:73.78,74.48 1 2
github.com/disaster37/go-kibana-rest/v7/kbapi/api.kibana_role_management.go:74.48,76.17 1 3
github.com/disaster37/go-kibana-rest/v7/kbapi/api.kibana_role_management.go:79.3,83.17 4 3
github.com/disaster37/go-kibana-rest/v7/kbapi/api.kibana_role_management.go:86.3,87.31 2 3
github.com/disaster37/go-kibana-rest/v7/kbapi/api.kibana_role_management.go:93.3,95.17 3 2
github.com/disaster37/go-kibana-rest/v7/kbapi/api.kibana_role_management.go:98.3,100.25 2 2
github.com/disaster37/go-kibana-rest/v7/kbapi/api.kibana_role_management.go:76.17,78.4 1 0
github.com/disaster37/go-kibana-rest/v7/kbapi/api.kibana_role_management.go:83.17,85.4 1 0
github.com/disaster37/go-kibana-rest/v7/kbapi/api.kibana_role_management.go:87.31,88.32 1 1
github.com/disaster37/go-kibana-rest/v7/kbapi/api.kibana_role_management.go:91.4,91.61 1 0
github.com/disaster37/go-kibana-rest/v7/kbapi/api.kibana_role_management.go:88.32,90.5 1 1
github.com/disaster37/go-kibana-rest/v7/kbapi/api.kibana_role_management.go:95.17,97.4 1 0
github.com/disaster37/go-kibana-rest/v7/kbapi/api.kibana_role_management.go:106.80,107.37 1 1
github.com/disaster37/go-kibana-rest/v7/kbapi/api.kibana_role_management.go:107.37,110.17 2 1
github.com/disaster37/go-kibana-rest/v7/kbapi/api.kibana_role_management.go:113.3,114.31 2 1
github.com/disaster37/go-kibana-rest/v7/kbapi/api.kibana_role_management.go:117.3,119.17 3 1
github.com/disaster37/go-kibana-rest/v7/kbapi/api.kibana_role_management.go:122.3,124.26 2 1
github.com/disaster37/go-kibana-rest/v7/kbapi/api.kibana_role_management.go:110.17,112.4 1 0
github.com/disaster37/go-kibana-rest/v7/kbapi/api.kibana_role_management.go:114.31,116.4 1 0
github.com/disaster37/go-kibana-rest/v7/kbapi/api.kibana_role_management.go:119.17,121.4 1 0
github.com/disaster37/go-kibana-rest/v7/kbapi/api.kibana_role_management.go:130.100,131.59 1 1
github.com/disaster37/go-kibana-rest/v7/kbapi/api.kibana_role_management.go:131.59,133.24 1 1
github.com/disaster37/go-kibana-rest/v7/kbapi/api.kibana_role_management.go:136.3,143.17 7 1
github.com/disaster37/go-kibana-rest/v7/kbapi/api.kibana_role_management.go:146.3,147.17 2 1
github.com/disaster37/go-kibana-rest/v7/kbapi/api.kibana_role_management.go:150.3,151.31 2 1
github.com/disaster37/go-kibana-rest/v7/kbapi/api.kibana_role_management.go:156.3,157.17 2 1
github.com/disaster37/go-kibana-rest/v7/kbapi/api.kibana_role_management.go:161.3,163.25 2 1
github.com/disaster37/go-kibana-rest/v7/kbapi/api.kibana_role_management.go:133.24,135.4 1 0
github.com/disaster37/go-kibana-rest/v7/kbapi/api.kibana_role_management.go:143.17,145.4 1 0
github.com/disaster37/go-kibana-rest/v7/kbapi/api.kibana_role_management.go:147.17,149.4 1 0
github.com/disaster37/go-kibana-rest/v7/kbapi/api.kibana_role_management.go:151.31,153.4 1 0
github.com/disaster37/go-kibana-rest/v7/kbapi/api.kibana_role_management.go:157.17,159.4 1 0
github.com/disaster37/go-kibana-rest/v7/kbapi/api.kibana_role_management.go:169.84,170.33 1 1
github.com/disaster37/go-kibana-rest/v7/kbapi/api.kibana_role_management.go:170.33,172.17 1 1
github.com/disaster37/go-kibana-rest/v7/kbapi/api.kibana_role_management.go:175.3,179.17 4 1
github.com/disaster37/go-kibana-rest/v7/kbapi/api.kibana_role_management.go:182.3,183.31 2 1
github.com/disaster37/go-kibana-rest/v7/kbapi/api.kibana_role_management.go:187.3,187.13 1 1
github.com/disaster37/go-kibana-rest/v7/kbapi/api.kibana_role_management.go:172.17,174.4 1 0
github.com/disaster37/go-kibana-rest/v7/kbapi/api.kibana_role_management.go:179.17,181.4 1 0
github.com/disaster37/go-kibana-rest/v7/kbapi/api.kibana_role_management.go:183.31,185.4 1 0
github.com/disaster37/go-kibana-rest/v7/kbapi/api.kibana_status.go:21.62,22.38 1 1
github.com/disaster37/go-kibana-rest/v7/kbapi/api.kibana_status.go:22.38,24.17 2 1
github.com/disaster37/go-kibana-rest/v7/kbapi/api.kibana_status.go:27.3,28.31 2 1
github.com/disaster37/go-kibana-rest/v7/kbapi/api.kibana_status.go:34.3,36.17 3 1
github.com/disaster37/go-kibana-rest/v7/kbapi/api.kibana_status.go:39.3,41.27 2 1
github.com/disaster37/go-kibana-rest/v7/kbapi/api.kibana_status.go:24.17,26.4 1 0
github.com/disaster37/go-kibana-rest/v7/kbapi/api.kibana_status.go:28.31,29.32 1 0
github.com/disaster37/go-kibana-rest/v7/kbapi/api.kibana_status.go:32.4,32.61 1 0
github.com/disaster37/go-kibana-rest/v7/kbapi/api.kibana_status.go:29.32,31.5 1 0
github.com/disaster37/go-kibana-rest/v7/kbapi/api.kibana_status.go:36.17,38.4 1 0
github.com/disaster37/go-kibana-rest/v7/kbapi/api.kibana_dashboard.go:22.74,23.83 1 1
github.com/disaster37/go-kibana-rest/v7/kbapi/api.kibana_dashboard.go:23.83,25.23 1 2
github.com/disaster37/go-kibana-rest/v7/kbapi/api.kibana_dashboard.go:28.3,32.52 4 2
github.com/disaster37/go-kibana-rest/v7/kbapi/api.kibana_dashboard.go:38.3,42.17 4 2
github.com/disaster37/go-kibana-rest/v7/kbapi/api.kibana_dashboard.go:45.3,46.31 2 2
github.com/disaster37/go-kibana-rest/v7/kbapi/api.kibana_dashboard.go:53.3,55.17 3 2
github.com/disaster37/go-kibana-rest/v7/kbapi/api.kibana_dashboard.go:58.3,60.19 2 2
github.com/disaster37/go-kibana-rest/v7/kbapi/api.kibana_dashboard.go:25.23,27.4 1 0
github.com/disaster37/go-kibana-rest/v7/kbapi/api.kibana_dashboard.go:32.52,34.4 1 1
github.com/disaster37/go-kibana-rest/v7/kbapi/api.kibana_dashboard.go:34.9,36.4 1 1
github.com/disaster37/go-kibana-rest/v7/kbapi/api.kibana_dashboard.go:42.17,44.4 1 0
github.com/disaster37/go-kibana-rest/v7/kbapi/api.kibana_dashboard.go:46.31,47.32 1 0
github.com/disaster37/go-kibana-rest/v7/kbapi/api.kibana_dashboard.go:50.4,50.61 1 0
github.com/disaster37/go-kibana-rest/v7/kbapi/api.kibana_dashboard.go:47.32,49.5 1 0
github.com/disaster37/go-kibana-rest/v7/kbapi/api.kibana_dashboard.go:55.17,57.4 1 0
github.com/disaster37/go-kibana-rest/v7/kbapi/api.kibana_dashboard.go:66.74,67.107 1 1
github.com/disaster37/go-kibana-rest/v7/kbapi/api.kibana_dashboard.go:67.107,69.18 1 2
github.com/disaster37/go-kibana-rest/v7/kbapi/api.kibana_dashboard.go:72.3,78.52 6 2
github.com/disaster37/go-kibana-rest/v7/kbapi/api.kibana_dashboard.go:84.3,87.31 3 2
github.com/disaster37/go-kibana-rest/v7/kbapi/api.kibana_dashboard.go:90.3,91.17 2 2
github.com/disaster37/go-kibana-rest/v7/kbapi/api.kibana_dashboard.go:94.3,95.17 2 2
github.com/disaster37/go-kibana-rest/v7/kbapi/api.kibana_dashboard.go:98.3,99.31 2 2
github.com/disaster37/go-kibana-rest/v7/kbapi/api.kibana_dashboard.go:102.3,104.17 3 2
github.com/disaster37/go-kibana-rest/v7/kbapi/api.kibana_dashboard.go:107.3,111.13 2 2
github.com/disaster37/go-kibana-rest/v7/kbapi/api.kibana_dashboard.go:69.18,71.4 1 0
github.com/disaster37/go-kibana-rest/v7/kbapi/api.kibana_dashboard.go:78.52,80.4 1 1
github.com/disaster37/go-kibana-rest/v7/kbapi/api.kibana_dashboard.go:80.9,82.4 1 1
github.com/disaster37/go-kibana-rest/v7/kbapi/api.kibana_dashboard.go:87.31,89.4 1 0
github.com/disaster37/go-kibana-rest/v7/kbapi/api.kibana_dashboard.go:91.17,93.4 1 0
github.com/disaster37/go-kibana-rest/v7/kbapi/api.kibana_dashboard.go:95.17,97.4 1 0
github.com/disaster37/go-kibana-rest/v7/kbapi/api.kibana_dashboard.go:99.31,101.4 1 0
github.com/disaster37/go-kibana-rest/v7/kbapi/api.kibana_dashboard.go:104.17,106.4 1 0
github.com/disaster37/go-kibana-rest/v7/kbapi/api.kibana_logstash_pipeline.go:45.44,48.2 2 1
github.com/disaster37/go-kibana-rest/v7/kbapi/api.kibana_logstash_pipeline.go:51.82,52.52 1 1
github.com/disaster37/go-kibana-rest/v7/kbapi/api.kibana_logstash_pipeline.go:52.52,54.15 1 0
github.com/disaster37/go-kibana-rest/v7/kbapi/api.kibana_logstash_pipeline.go:57.3,61.17 4 0
github.com/disaster37/go-kibana-rest/v7/kbapi/api.kibana_logstash_pipeline.go:64.3,65.31 2 0
github.com/disaster37/go-kibana-rest/v7/kbapi/api.kibana_logstash_pipeline.go:71.3,73.17 3 0
github.com/disaster37/go-kibana-rest/v7/kbapi/api.kibana_logstash_pipeline.go:76.3,78.31 2 0
github.com/disaster37/go-kibana-rest/v7/kbapi/api.kibana_logstash_pipeline.go:54.15,56.4 1 0
github.com/disaster37/go-kibana-rest/v7/kbapi/api.kibana_logstash_pipeline.go:61.17,63.4 1 0
github.com/disaster37/go-kibana-rest/v7/kbapi/api.kibana_logstash_pipeline.go:65.31,66.32 1 0
github.com/disaster37/go-kibana-rest/v7/kbapi/api.kibana_logstash_pipeline.go:69.4,69.61 1 0
github.com/disaster37/go-kibana-rest/v7/kbapi/api.kibana_logstash_pipeline.go:66.32,68.5 1 0
github.com/disaster37/go-kibana-rest/v7/kbapi/api.kibana_logstash_pipeline.go:73.17,75.4 1 0
github.com/disaster37/go-kibana-rest/v7/kbapi/api.kibana_logstash_pipeline.go:83.84,84.43 1 1
github.com/disaster37/go-kibana-rest/v7/kbapi/api.kibana_logstash_pipeline.go:84.43,88.17 3 0
github.com/disaster37/go-kibana-rest/v7/kbapi/api.kibana_logstash_pipeline.go:91.3,92.31 2 0
github.com/disaster37/go-kibana-rest/v7/kbapi/api.kibana_logstash_pipeline.go:95.3,97.17 3 0
github.com/disaster37/go-kibana-rest/v7/kbapi/api.kibana_logstash_pipeline.go:100.3,102.46 2 0
github.com/disaster37/go-kibana-rest/v7/kbapi/api.kibana_logstash_pipeline.go:88.17,90.4 1 0
github.com/disaster37/go-kibana-rest/v7/kbapi/api.kibana_logstash_pipeline.go:92.31,94.4 1 0
github.com/disaster37/go-kibana-rest/v7/kbapi/api.kibana_logstash_pipeline.go:97.17,99.4 1 0
github.com/disaster37/go-kibana-rest/v7/kbapi/api.kibana_logstash_pipeline.go:108.104,109.77 1 1
github.com/disaster37/go-kibana-rest/v7/kbapi/api.kibana_logstash_pipeline.go:109.77,111.30 1 1
github.com/disaster37/go-kibana-rest/v7/kbapi/api.kibana_logstash_pipeline.go:115.3,118.17 3 1
github.com/disaster37/go-kibana-rest/v7/kbapi/api.kibana_logstash_pipeline.go:122.3,124.17 3 1
github.com/disaster37/go-kibana-rest/v7/kbapi/api.kibana_logstash_pipeline.go:128.3,129.31 2 1
github.com/disaster37/go-kibana-rest/v7/kbapi/api.kibana_logstash_pipeline.go:134.3,135.17 2 0
github.com/disaster37/go-kibana-rest/v7/kbapi/api.kibana_logstash_pipeline.go:138.3,138.30 1 0
github.com/disaster37/go-kibana-rest/v7/kbapi/api.kibana_logstash_pipeline.go:142.3,144.31 2 0
github.com/disaster37/go-kibana-rest/v7/kbapi/api.kibana_logstash_pipeline.go:111.30,113.4 1 0
github.com/disaster37/go-kibana-rest/v7/kbapi/api.kibana_logstash_pipeline.go:118.17,120.4 1 0
github.com/disaster37/go-kibana-rest/v7/kbapi/api.kibana_logstash_pipeline.go:124.17,126.4 1 0
github.com/disaster37/go-kibana-rest/v7/kbapi/api.kibana_logstash_pipeline.go:129.31,131.4 1 1
github.com/disaster37/go-kibana-rest/v7/kbapi/api.kibana_logstash_pipeline.go:135.17,137.4 1 0
github.com/disaster37/go-kibana-rest/v7/kbapi/api.kibana_logstash_pipeline.go:138.30,140.4 1 0
github.com/disaster37/go-kibana-rest/v7/kbapi/api.kibana_logstash_pipeline.go:149.88,150.31 1 1
github.com/disaster37/go-kibana-rest/v7/kbapi/api.kibana_logstash_pipeline.go:150.31,152.15 1 0
github.com/disaster37/go-kibana-rest/v7/kbapi/api.kibana_logstash_pipeline.go:155.3,159.17 4 0
github.com/disaster37/go-kibana-rest/v7/kbapi/api.kibana_logstash_pipeline.go:162.3,163.31 2 0
github.com/disaster37/go-kibana-rest/v7/kbapi/api.kibana_logstash_pipeline.go:167.3,167.13 1 0
github.com/disaster37/go-kibana-rest/v7/kbapi/api.kibana_logstash_pipeline.go:152.15,154.4 1 0
github.com/disaster37/go-kibana-rest/v7/kbapi/api.kibana_logstash_pipeline.go:159.17,161.4 1 0
github.com/disaster37/go-kibana-rest/v7/kbapi/api.kibana_logstash_pipeline.go:163.31,165.4 1 0
github.com/disaster37/go-kibana-rest/v7/kbapi/api.kibana_save_object.go:52.50,55.2 2 0
github.com/disaster37/go-kibana-rest/v7/kbapi/api.kibana_save_object.go:58.72,59.96 1 1
github.com/disaster37/go-kibana-rest/v7/kbapi/api.kibana_save_object.go:59.96,61.23 1 4
github.com/disaster37/go-kibana-rest/v7/kbapi/api.kibana_save_object.go:64.3,64.15 1 4
github.com/disaster37/go-kibana-rest/v7/kbapi/api.kibana_save_object.go:67.3,72.52 5 4
github.com/disaster37/go-kibana-rest/v7/kbapi/api.kibana_save_object.go:77.3,80.17 3 4
github.com/disaster37/go-kibana-rest/v7/kbapi/api.kibana_save_object.go:83.3,84.31 2 4
github.com/disaster37/go-kibana-rest/v7/kbapi/api.kibana_save_object.go:91.3,93.17 3 2
github.com/disaster37/go-kibana-rest/v7/kbapi/api.kibana_save_object.go:96.3,98.19 2 2
github.com/disaster37/go-kibana-rest/v7/kbapi/api.kibana_save_object.go:61.23,63.4 1 0
github.com/disaster37/go-kibana-rest/v7/kbapi/api.kibana_save_object.go:64.15,66.4 1 0
github.com/disaster37/go-kibana-rest/v7/kbapi/api.kibana_save_object.go:72.52,74.4 1 2
github.com/disaster37/go-kibana-rest/v7/kbapi/api.kibana_save_object.go:74.9,76.4 1 2
github.com/disaster37/go-kibana-rest/v7/kbapi/api.kibana_save_object.go:80.17,82.4 1 0
github.com/disaster37/go-kibana-rest/v7/kbapi/api.kibana_save_object.go:84.31,85.32 1 2
github.com/disaster37/go-kibana-rest/v7/kbapi/api.kibana_save_object.go:88.4,88.61 1 0
github.com/disaster37/go-kibana-rest/v7/kbapi/api.kibana_save_object.go:85.32,87.5 1 2
github.com/disaster37/go-kibana-rest/v7/kbapi/api.kibana_save_object.go:93.17,95.4 1 0
github.com/disaster37/go-kibana-rest/v7/kbapi/api.kibana_save_object.go:104.74,105.129 1 1
github.com/disaster37/go-kibana-rest/v7/kbapi/api.kibana_save_object.go:105.129,107.23 1 2
github.com/disaster37/go-kibana-rest/v7/kbapi/api.kibana_save_object.go:110.3,116.32 4 2
github.com/disaster37/go-kibana-rest/v7/kbapi/api.kibana_save_object.go:151.3,152.52 2 2
github.com/disaster37/go-kibana-rest/v7/kbapi/api.kibana_save_object.go:157.3,160.17 3 2
github.com/disaster37/go-kibana-rest/v7/kbapi/api.kibana_save_object.go:163.3,164.31 2 2
github.com/disaster37/go-kibana-rest/v7/kbapi/api.kibana_save_object.go:171.3,173.17 3 2
github.com/disaster37/go-kibana-rest/v7/kbapi/api.kibana_save_object.go:176.3,178.19 2 2
github.com/disaster37/go-kibana-rest/v7/kbapi/api.kibana_save_object.go:107.23,109.4 1 0
github.com/disaster37/go-kibana-rest/v7/kbapi/api.kibana_save_object.go:116.32,125.46 9 2
github.com/disaster37/go-kibana-rest/v7/kbapi/api.kibana_save_object.go:128.4,128.36 1 2
github.com/disaster37/go-kibana-rest/v7/kbapi/api.kibana_save_object.go:131.4,131.39 1 2
github.com/disaster37/go-kibana-rest/v7/kbapi/api.kibana_save_object.go:134.4,134.54 1 2
github.com/disaster37/go-kibana-rest/v7/kbapi/api.kibana_save_object.go:137.4,137.46 1 2
github.com/disaster37/go-kibana-rest/v7/kbapi/api.kibana_save_object.go:140.4,140.40 1 2
github.com/disaster37/go-kibana-rest/v7/kbapi/api.kibana_save_object.go:143.4,143.42 1 2
github.com/disaster37/go-kibana-rest/v7/kbapi/api.kibana_save_object.go:146.4,146.45 1 2
github.com/disaster37/go-kibana-rest/v7/kbapi/api.kibana_save_object.go:125.46,127.5 1 0
github.com/disaster37/go-kibana-rest/v7/kbapi/api.kibana_save_object.go:128.36,130.5 1 0
github.com/disaster37/go-kibana-rest/v7/kbapi/api.kibana_save_object.go:131.39,133.5 1 2
github.com/disaster37/go-kibana-rest/v7/kbapi/api.kibana_save_object.go:134.54,136.5 1 0
github.com/disaster37/go-kibana-rest/v7/kbapi/api.kibana_save_object.go:137.46,139.5 1 2
github.com/disaster37/go-kibana-rest/v7/kbapi/api.kibana_save_object.go:140.40,142.5 1 2
github.com/disaster37/go-kibana-rest/v7/kbapi/api.kibana_save_object.go:143.42,145.5 1 0
github.com/disaster37/go-kibana-rest/v7/kbapi/api.kibana_save_object.go:146.45,148.5 1 0
github.com/disaster37/go-kibana-rest/v7/kbapi/api.kibana_save_object.go:152.52,154.4 1 1
github.com/disaster37/go-kibana-rest/v7/kbapi/api.kibana_save_object.go:154.9,156.4 1 1
github.com/disaster37/go-kibana-rest/v7/kbapi/api.kibana_save_object.go:160.17,162.4 1 0
github.com/disaster37/go-kibana-rest/v7/kbapi/api.kibana_save_object.go:164.31,165.32 1 0
github.com/disaster37/go-kibana-rest/v7/kbapi/api.kibana_save_object.go:168.4,168.61 1 0
github.com/disaster37/go-kibana-rest/v7/kbapi/api.kibana_save_object.go:165.32,167.5 1 0
github.com/disaster37/go-kibana-rest/v7/kbapi/api.kibana_save_object.go:173.17,175.4 1 0
github.com/disaster37/go-kibana-rest/v7/kbapi/api.kibana_save_object.go:184.78,185.141 1 1
github.com/disaster37/go-kibana-rest/v7/kbapi/api.kibana_save_object.go:185.141,187.18 1 2
github.com/disaster37/go-kibana-rest/v7/kbapi/api.kibana_save_object.go:190.3,190.23 1 2
github.com/disaster37/go-kibana-rest/v7/kbapi/api.kibana_save_object.go:193.3,200.52 7 2
github.com/disaster37/go-kibana-rest/v7/kbapi/api.kibana_save_object.go:205.3,208.17 3 2
github.com/disaster37/go-kibana-rest/v7/kbapi/api.kibana_save_object.go:211.3,212.17 2 2
github.com/disaster37/go-kibana-rest/v7/kbapi/api.kibana_save_object.go:215.3,216.31 2 2
github.com/disaster37/go-kibana-rest/v7/kbapi/api.kibana_save_object.go:219.3,221.17 3 2
github.com/disaster37/go-kibana-rest/v7/kbapi/api.kibana_save_object.go:224.3,226.27 2 2
github.com/disaster37/go-kibana-rest/v7/kbapi/api.kibana_save_object.go:187.18,189.4 1 0
github.com/disaster37/go-kibana-rest/v7/kbapi/api.kibana_save_object.go:190.23,192.4 1 0
github.com/disaster37/go-kibana-rest/v7/kbapi/api.kibana_save_object.go:200.52,202.4 1 1
github.com/disaster37/go-kibana-rest/v7/kbapi/api.kibana_save_object.go:202.9,204.4 1 1
github.com/disaster37/go-kibana-rest/v7/kbapi/api.kibana_save_object.go:208.17,210.4 1 0
github.com/disaster37/go-kibana-rest/v7/kbapi/api.kibana_save_object.go:212.17,214.4 1 0
github.com/disaster37/go-kibana-rest/v7/kbapi/api.kibana_save_object.go:216.31,218.4 1 0
github.com/disaster37/go-kibana-rest/v7/kbapi/api.kibana_save_object.go:221.17,223.4 1 0
github.com/disaster37/go-kibana-rest/v7/kbapi/api.kibana_save_object.go:231.78,232.125 1 1
github.com/disaster37/go-kibana-rest/v7/kbapi/api.kibana_save_object.go:232.125,234.18 1 2
github.com/disaster37/go-kibana-rest/v7/kbapi/api.kibana_save_object.go:237.3,237.23 1 2
github.com/disaster37/go-kibana-rest/v7/kbapi/api.kibana_save_object.go:240.3,240.15 1 2
github.com/disaster37/go-kibana-rest/v7/kbapi/api.kibana_save_object.go:243.3,249.52 6 2
github.com/disaster37/go-kibana-rest/v7/kbapi/api.kibana_save_object.go:254.3,257.17 3 2
github.com/disaster37/go-kibana-rest/v7/kbapi/api.kibana_save_object.go:260.3,261.17 2 2
github.com/disaster37/go-kibana-rest/v7/kbapi/api.kibana_save_object.go:264.3,265.31 2 2
github.com/disaster37/go-kibana-rest/v7/kbapi/api.kibana_save_object.go:268.3,270.17 3 2
github.com/disaster37/go-kibana-rest/v7/kbapi/api.kibana_save_object.go:273.3,275.27 2 2
github.com/disaster37/go-kibana-rest/v7/kbapi/api.kibana_save_object.go:234.18,236.4 1 0
github.com/disaster37/go-kibana-rest/v7/kbapi/api.kibana_save_object.go:237.23,239.4 1 0
github.com/disaster37/go-kibana-rest/v7/kbapi/api.kibana_save_object.go:240.15,242.4 1 0
github.com/disaster37/go-kibana-rest/v7/kbapi/api.kibana_save_object.go:249.52,251.4 1 1
github.com/disaster37/go-kibana-rest/v7/kbapi/api.kibana_save_object.go:251.9,253.4 1 1
github.com/disaster37/go-kibana-rest/v7/kbapi/api.kibana_save_object.go:257.17,259.4 1 0
github.com/disaster37/go-kibana-rest/v7/kbapi/api.kibana_save_object.go:261.17,263.4 1 0
github.com/disaster37/go-kibana-rest/v7/kbapi/api.kibana_save_object.go:265.31,267.4 1 0
github.com/disaster37/go-kibana-rest/v7/kbapi/api.kibana_save_object.go:270.17,272.4 1 0
github.com/disaster37/go-kibana-rest/v7/kbapi/api.kibana_save_object.go:280.78,281.70 1 1
github.com/disaster37/go-kibana-rest/v7/kbapi/api.kibana_save_object.go:281.70,283.23 1 2
github.com/disaster37/go-kibana-rest/v7/kbapi/api.kibana_save_object.go:286.3,286.15 1 2
github.com/disaster37/go-kibana-rest/v7/kbapi/api.kibana_save_object.go:289.3,294.52 5 2
github.com/disaster37/go-kibana-rest/v7/kbapi/api.kibana_save_object.go:299.3,302.17 3 2
github.com/disaster37/go-kibana-rest/v7/kbapi/api.kibana_save_object.go:305.3,306.31 2 2
github.com/disaster37/go-kibana-rest/v7/kbapi/api.kibana_save_object.go:309.3,311.17 3 2
github.com/disaster37/go-kibana-rest/v7/kbapi/api.kibana_save_object.go:314.3,316.13 2 2
github.com/disaster37/go-kibana-rest/v7/kbapi/api.kibana_save_object.go:283.23,285.4 1 0
github.com/disaster37/go-kibana-rest/v7/kbapi/api.kibana_save_object.go:286.15,288.4 1 0
github.com/disaster37/go-kibana-rest/v7/kbapi/api.kibana_save_object.go:294.52,296.4 1 1
github.com/disaster37/go-kibana-rest/v7/kbapi/api.kibana_save_object.go:296.9,298.4 1 1
github.com/disaster37/go-kibana-rest/v7/kbapi/api.kibana_save_object.go:302.17,304.4 1 0
github.com/disaster37/go-kibana-rest/v7/kbapi/api.kibana_save_object.go:306.31,308.4 1 0
github.com/disaster37/go-kibana-rest/v7/kbapi/api.kibana_save_object.go:311.17,313.4 1 0
github.com/disaster37/go-kibana-rest/v7/kbapi/api.kibana_save_object.go:321.78,322.121 1 1
github.com/disaster37/go-kibana-rest/v7/kbapi/api.kibana_save_object.go:322.121,331.27 6 2
github.com/disaster37/go-kibana-rest/v7/kbapi/api.kibana_save_object.go:334.3,334.23 1 2
github.com/disaster37/go-kibana-rest/v7/kbapi/api.kibana_save_object.go:337.3,341.52 4 2
github.com/disaster37/go-kibana-rest/v7/kbapi/api.kibana_save_object.go:346.3,349.17 3 2
github.com/disaster37/go-kibana-rest/v7/kbapi/api.kibana_save_object.go:352.3,353.17 2 2
github.com/disaster37/go-kibana-rest/v7/kbapi/api.kibana_save_object.go:356.3,357.31 2 2
github.com/disaster37/go-kibana-rest/v7/kbapi/api.kibana_save_object.go:361.3,364.19 3 2
github.com/disaster37/go-kibana-rest/v7/kbapi/api.kibana_save_object.go:331.27,333.4 1 0
github.com/disaster37/go-kibana-rest/v7/kbapi/api.kibana_save_object.go:334.23,336.4 1 2
github.com/disaster37/go-kibana-rest/v7/kbapi/api.kibana_save_object.go:341.52,343.4 1 1
github.com/disaster37/go-kibana-rest/v7/kbapi/api.kibana_save_object.go:343.9,345.4 1 1
github.com/disaster37/go-kibana-rest/v7/kbapi/api.kibana_save_object.go:349.17,351.4 1 0
github.com/disaster37/go-kibana-rest/v7/kbapi/api.kibana_save_object.go:353.17,355.4 1 0
github.com/disaster37/go-kibana-rest/v7/kbapi/api.kibana_save_object.go:357.31,359.4 1 0
github.com/disaster37/go-kibana-rest/v7/kbapi/api.kibana_save_object.go:370.78,371.95 1 1
github.com/disaster37/go-kibana-rest/v7/kbapi/api.kibana_save_object.go:371.95,373.21 1 2
github.com/disaster37/go-kibana-rest/v7/kbapi/api.kibana_save_object.go:377.3,382.52 5 2
github.com/disaster37/go-kibana-rest/v7/kbapi/api.kibana_save_object.go:387.3,393.17 3 2
github.com/disaster37/go-kibana-rest/v7/kbapi/api.kibana_save_object.go:396.3,397.31 2 2
github.com/disaster37/go-kibana-rest/v7/kbapi/api.kibana_save_object.go:400.3,402.17 3 2
github.com/disaster37/go-kibana-rest/v7/kbapi/api.kibana_save_object.go:405.3,407.27 2 2
github.com/disaster37/go-kibana-rest/v7/kbapi/api.kibana_save_object.go:373.21,375.4 1 0
github.com/disaster37/go-kibana-rest/v7/kbapi/api.kibana_save_object.go:382.52,384.4 1 1
github.com/disaster37/go-kibana-rest/v7/kbapi/api.kibana_save_object.go:384.9,386.4 1 1
github.com/disaster37/go-kibana-rest/v7/kbapi/api.kibana_save_object.go:393.17,395.4 1 0
github.com/disaster37/go-kibana-rest/v7/kbapi/api.kibana_save_object.go:397.31,399.4 1 0
github.com/disaster37/go-kibana-rest/v7/kbapi/api.kibana_save_object.go:402.17,404.4 1 0
github.com/disaster37/go-kibana-rest/v7/kbapi/api.kibana_shorten_url.go:28.38,31.2 2 1
github.com/disaster37/go-kibana-rest/v7/kbapi/api.kibana_shorten_url.go:34.46,37.2 2 1
github.com/disaster37/go-kibana-rest/v7/kbapi/api.kibana_shorten_url.go:40.76,41.67 1 1
github.com/disaster37/go-kibana-rest/v7/kbapi/api.kibana_shorten_url.go:41.67,43.24 1 1
github.com/disaster37/go-kibana-rest/v7/kbapi/api.kibana_shorten_url.go:46.3,49.17 3 1
github.com/disaster37/go-kibana-rest/v7/kbapi/api.kibana_shorten_url.go:53.3,56.17 3 1
github.com/disaster37/go-kibana-rest/v7/kbapi/api.kibana_shorten_url.go:60.3,61.31 2 1
github.com/disaster37/go-kibana-rest/v7/kbapi/api.kibana_shorten_url.go:65.3,67.17 3 1
github.com/disaster37/go-kibana-rest/v7/kbapi/api.kibana_shorten_url.go:70.3,72.33 2 1
github.com/disaster37/go-kibana-rest/v7/kbapi/api.kibana_shorten_url.go:43.24,45.4 1 0
github.com/disaster37/go-kibana-rest/v7/kbapi/api.kibana_shorten_url.go:49.17,51.4 1 0
github.com/disaster37/go-kibana-rest/v7/kbapi/api.kibana_shorten_url.go:56.17,58.4 1 0
github.com/disaster37/go-kibana-rest/v7/kbapi/api.kibana_shorten_url.go:61.31,63.4 1 0
github.com/disaster37/go-kibana-rest/v7/kbapi/api.kibana_shorten_url.go:67.17,69.4 1 0
github.com/disaster37/go-kibana-rest/v7/kbapi/api.kibana_spaces.go:63.39,66.2 2 7
github.com/disaster37/go-kibana-rest/v7/kbapi/api.kibana_spaces.go:69.60,70.47 1 1
github.com/disaster37/go-kibana-rest/v7/kbapi/api.kibana_spaces.go:70.47,72.15 1 2
github.com/disaster37/go-kibana-rest/v7/kbapi/api.kibana_spaces.go:75.3,79.17 4 2
github.com/disaster37/go-kibana-rest/v7/kbapi/api.kibana_spaces.go:82.3,83.31 2 2
github.com/disaster37/go-kibana-rest/v7/kbapi/api.kibana_spaces.go:90.3,92.17 3 1
github.com/disaster37/go-kibana-rest/v7/kbapi/api.kibana_spaces.go:95.3,97.26 2 1
github.com/disaster37/go-kibana-rest/v7/kbapi/api.kibana_spaces.go:72.15,74.4 1 0
github.com/disaster37/go-kibana-rest/v7/kbapi/api.kibana_spaces.go:79.17,81.4 1 0
github.com/disaster37/go-kibana-rest/v7/kbapi/api.kibana_spaces.go:83.31,84.32 1 1
github.com/disaster37/go-kibana-rest/v7/kbapi/api.kibana_spaces.go:87.4,87.61 1 0
github.com/disaster37/go-kibana-rest/v7/kbapi/api.kibana_spaces.go:84.32,86.5 1 1
github.com/disaster37/go-kibana-rest/v7/kbapi/api.kibana_spaces.go:92.17,94.4 1 0
github.com/disaster37/go-kibana-rest/v7/kbapi/api.kibana_spaces.go:103.62,104.38 1 1
github.com/disaster37/go-kibana-rest/v7/kbapi/api.kibana_spaces.go:104.38,108.17 3 2
github.com/disaster37/go-kibana-rest/v7/kbapi/api.kibana_spaces.go:111.3,112.31 2 2
github.com/disaster37/go-kibana-rest/v7/kbapi/api.kibana_spaces.go:115.3,117.17 3 2
github.com/disaster37/go-kibana-rest/v7/kbapi/api.kibana_spaces.go:120.3,122.27 2 2
github.com/disaster37/go-kibana-rest/v7/kbapi/api.kibana_spaces.go:108.17,110.4 1 0
github.com/disaster37/go-kibana-rest/v7/kbapi/api.kibana_spaces.go:112.31,114.4 1 0
github.com/disaster37/go-kibana-rest/v7/kbapi/api.kibana_spaces.go:117.17,119.4 1 0
github.com/disaster37/go-kibana-rest/v7/kbapi/api.kibana_spaces.go:128.66,129.62 1 1
github.com/disaster37/go-kibana-rest/v7/kbapi/api.kibana_spaces.go:129.62,131.25 1 2
github.com/disaster37/go-kibana-rest/v7/kbapi/api.kibana_spaces.go:134.3,137.17 3 2
github.com/disaster37/go-kibana-rest/v7/kbapi/api.kibana_spaces.go:140.3,142.17 3 2
github.com/disaster37/go-kibana-rest/v7/kbapi/api.kibana_spaces.go:146.3,147.31 2 2
github.com/disaster37/go-kibana-rest/v7/kbapi/api.kibana_spaces.go:150.3,152.17 3 2
github.com/disaster37/go-kibana-rest/v7/kbapi/api.kibana_spaces.go:155.3,157.26 2 2
github.com/disaster37/go-kibana-rest/v7/kbapi/api.kibana_spaces.go:131.25,133.4 1 0
github.com/disaster37/go-kibana-rest/v7/kbapi/api.kibana_spaces.go:137.17,139.4 1 0
github.com/disaster37/go-kibana-rest/v7/kbapi/api.kibana_spaces.go:142.17,144.4 1 0
github.com/disaster37/go-kibana-rest/v7/kbapi/api.kibana_spaces.go:147.31,149.4 1 0
github.com/disaster37/go-kibana-rest/v7/kbapi/api.kibana_spaces.go:152.17,154.4 1 0
github.com/disaster37/go-kibana-rest/v7/kbapi/api.kibana_spaces.go:163.86,164.88 1 1
github.com/disaster37/go-kibana-rest/v7/kbapi/api.kibana_spaces.go:164.88,166.23 1 1
github.com/disaster37/go-kibana-rest/v7/kbapi/api.kibana_spaces.go:169.3,173.52 4 1
github.com/disaster37/go-kibana-rest/v7/kbapi/api.kibana_spaces.go:178.3,179.17 2 1
github.com/disaster37/go-kibana-rest/v7/kbapi/api.kibana_spaces.go:182.3,183.17 2 1
github.com/disaster37/go-kibana-rest/v7/kbapi/api.kibana_spaces.go:187.3,188.31 2 1
github.com/disaster37/go-kibana-rest/v7/kbapi/api.kibana_spaces.go:191.3,193.17 3 1
github.com/disaster37/go-kibana-rest/v7/kbapi/api.kibana_spaces.go:196.3,199.34 3 1
github.com/disaster37/go-kibana-rest/v7/kbapi/api.kibana_spaces.go:204.3,204.22 1 1
github.com/disaster37/go-kibana-rest/v7/kbapi/api.kibana_spaces.go:208.3,208.13 1 1
github.com/disaster37/go-kibana-rest/v7/kbapi/api.kibana_spaces.go:166.23,168.4 1 0
github.com/disaster37/go-kibana-rest/v7/kbapi/api.kibana_spaces.go:173.52,175.4 1 1
github.com/disaster37/go-kibana-rest/v7/kbapi/api.kibana_spaces.go:175.9,177.4 1 0
github.com/disaster37/go-kibana-rest/v7/kbapi/api.kibana_spaces.go:179.17,181.4 1 0
github.com/disaster37/go-kibana-rest/v7/kbapi/api.kibana_spaces.go:183.17,185.4 1 0
github.com/disaster37/go-kibana-rest/v7/kbapi/api.kibana_spaces.go:188.31,190.4 1 0
github.com/disaster37/go-kibana-rest/v7/kbapi/api.kibana_spaces.go:193.17,195.4 1 0
github.com/disaster37/go-kibana-rest/v7/kbapi/api.kibana_spaces.go:199.34,200.66 1 1
github.com/disaster37/go-kibana-rest/v7/kbapi/api.kibana_spaces.go:200.66,202.5 1 0
github.com/disaster37/go-kibana-rest/v7/kbapi/api.kibana_spaces.go:204.22,206.4 1 0
github.com/disaster37/go-kibana-rest/v7/kbapi/api.kibana_spaces.go:214.66,215.31 1 1
github.com/disaster37/go-kibana-rest/v7/kbapi/api.kibana_spaces.go:215.31,217.15 1 1
github.com/disaster37/go-kibana-rest/v7/kbapi/api.kibana_spaces.go:221.3,225.17 4 1
github.com/disaster37/go-kibana-rest/v7/kbapi/api.kibana_spaces.go:228.3,229.31 2 1
github.com/disaster37/go-kibana-rest/v7/kbapi/api.kibana_spaces.go:235.3,235.13 1 1
github.com/disaster37/go-kibana-rest/v7/kbapi/api.kibana_spaces.go:217.15,219.4 1 0
github.com/disaster37/go-kibana-rest/v7/kbapi/api.kibana_spaces.go:225.17,227.4 1 0
github.com/disaster37/go-kibana-rest/v7/kbapi/api.kibana_spaces.go:229.31,233.4 1 0
github.com/disaster37/go-kibana-rest/v7/kbapi/api.kibana_spaces.go:241.66,242.62 1 1
github.com/disaster37/go-kibana-rest/v7/kbapi/api.kibana_spaces.go:242.62,244.25 1 1
github.com/disaster37/go-kibana-rest/v7/kbapi/api.kibana_spaces.go:247.3,250.17 3 1
github.com/disaster37/go-kibana-rest/v7/kbapi/api.kibana_spaces.go:253.3,255.17 3 1
github.com/disaster37/go-kibana-rest/v7/kbapi/api.kibana_spaces.go:259.3,260.31 2 1
github.com/disaster37/go-kibana-rest/v7/kbapi/api.kibana_spaces.go:263.3,265.17 3 1
github.com/disaster37/go-kibana-rest/v7/kbapi/api.kibana_spaces.go:268.3,270.26 2 1
github.com/disaster37/go-kibana-rest/v7/kbapi/api.kibana_spaces.go:244.25,246.4 1 0
github.com/disaster37/go-kibana-rest/v7/kbapi/api.kibana_spaces.go:250.17,252.4 1 0
github.com/disaster37/go-kibana-rest/v7/kbapi/api.kibana_spaces.go:255.17,257.4 1 0
github.com/disaster37/go-kibana-rest/v7/kbapi/api.kibana_spaces.go:260.31,262.4 1 0
github.com/disaster37/go-kibana-rest/v7/kbapi/api.kibana_spaces.go:265.17,267.4 1 0
github.com/disaster37/go-kibana-rest/v7/kbapi/error.go:14.34,16.2 1 2
github.com/disaster37/go-kibana-rest/v7/kbapi/error.go:19.76,24.2 1 2
