mode: set
github.com/elastic/terraform-provider-elasticstack/internal/entitycore/data_source_envelope.go:43.65,45.2 1 1
github.com/elastic/terraform-provider-elasticstack/internal/entitycore/data_source_envelope.go:55.79,57.2 1 0
github.com/elastic/terraform-provider-elasticstack/internal/entitycore/data_source_envelope.go:144.25,151.2 1 1
github.com/elastic/terraform-provider-elasticstack/internal/entitycore/data_source_envelope.go:164.25,171.2 1 1
github.com/elastic/terraform-provider-elasticstack/internal/entitycore/data_source_envelope.go:174.136,177.33 3 1
github.com/elastic/terraform-provider-elasticstack/internal/entitycore/data_source_envelope.go:177.33,179.3 1 1
github.com/elastic/terraform-provider-elasticstack/internal/entitycore/data_source_envelope.go:180.2,180.20 1 1
github.com/elastic/terraform-provider-elasticstack/internal/entitycore/data_source_envelope.go:184.143,187.33 3 0
github.com/elastic/terraform-provider-elasticstack/internal/entitycore/data_source_envelope.go:187.33,189.3 1 0
github.com/elastic/terraform-provider-elasticstack/internal/entitycore/data_source_envelope.go:190.2,190.20 1 0
github.com/elastic/terraform-provider-elasticstack/internal/entitycore/data_source_envelope.go:194.133,196.2 1 1
github.com/elastic/terraform-provider-elasticstack/internal/entitycore/data_source_envelope.go:199.140,201.2 1 0
github.com/elastic/terraform-provider-elasticstack/internal/entitycore/data_source_envelope.go:204.125,211.2 6 1
github.com/elastic/terraform-provider-elasticstack/internal/entitycore/data_source_envelope.go:214.132,221.2 6 1
github.com/elastic/terraform-provider-elasticstack/internal/entitycore/data_source_envelope.go:224.123,228.33 4 1
github.com/elastic/terraform-provider-elasticstack/internal/entitycore/data_source_envelope.go:228.33,230.3 1 0
github.com/elastic/terraform-provider-elasticstack/internal/entitycore/data_source_envelope.go:232.2,234.33 3 1
github.com/elastic/terraform-provider-elasticstack/internal/entitycore/data_source_envelope.go:234.33,236.3 1 1
github.com/elastic/terraform-provider-elasticstack/internal/entitycore/data_source_envelope.go:240.2,240.83 1 1
github.com/elastic/terraform-provider-elasticstack/internal/entitycore/data_source_envelope.go:240.83,243.34 3 1
github.com/elastic/terraform-provider-elasticstack/internal/entitycore/data_source_envelope.go:243.34,245.4 1 1
github.com/elastic/terraform-provider-elasticstack/internal/entitycore/data_source_envelope.go:247.3,247.29 1 1
github.com/elastic/terraform-provider-elasticstack/internal/entitycore/data_source_envelope.go:247.29,250.35 3 1
github.com/elastic/terraform-provider-elasticstack/internal/entitycore/data_source_envelope.go:250.35,252.5 1 0
github.com/elastic/terraform-provider-elasticstack/internal/entitycore/data_source_envelope.go:253.4,253.18 1 1
github.com/elastic/terraform-provider-elasticstack/internal/entitycore/data_source_envelope.go:253.18,256.5 2 1
github.com/elastic/terraform-provider-elasticstack/internal/entitycore/data_source_envelope.go:260.2,262.33 3 1
github.com/elastic/terraform-provider-elasticstack/internal/entitycore/data_source_envelope.go:262.33,264.3 1 0
github.com/elastic/terraform-provider-elasticstack/internal/entitycore/data_source_envelope.go:266.2,267.35 2 1
github.com/elastic/terraform-provider-elasticstack/internal/entitycore/data_source_envelope.go:271.130,275.33 4 0
github.com/elastic/terraform-provider-elasticstack/internal/entitycore/data_source_envelope.go:275.33,277.3 1 0
github.com/elastic/terraform-provider-elasticstack/internal/entitycore/data_source_envelope.go:279.2,281.33 3 0
github.com/elastic/terraform-provider-elasticstack/internal/entitycore/data_source_envelope.go:281.33,283.3 1 0
github.com/elastic/terraform-provider-elasticstack/internal/entitycore/data_source_envelope.go:285.2,287.33 3 0
github.com/elastic/terraform-provider-elasticstack/internal/entitycore/data_source_envelope.go:287.33,289.3 1 0
github.com/elastic/terraform-provider-elasticstack/internal/entitycore/data_source_envelope.go:291.2,292.35 2 0
github.com/elastic/terraform-provider-elasticstack/internal/entitycore/kibana_resource_envelope.go:112.106,113.106 1 1
github.com/elastic/terraform-provider-elasticstack/internal/entitycore/kibana_resource_envelope.go:113.106,121.3 4 1
github.com/elastic/terraform-provider-elasticstack/internal/entitycore/kibana_resource_envelope.go:122.2,122.121 1 1
github.com/elastic/terraform-provider-elasticstack/internal/entitycore/kibana_resource_envelope.go:122.121,130.3 4 1
github.com/elastic/terraform-provider-elasticstack/internal/entitycore/kibana_resource_envelope.go:131.2,131.27 1 1
github.com/elastic/terraform-provider-elasticstack/internal/entitycore/kibana_resource_envelope.go:147.22,156.2 1 1
github.com/elastic/terraform-provider-elasticstack/internal/entitycore/kibana_resource_envelope.go:160.112,167.2 6 1
github.com/elastic/terraform-provider-elasticstack/internal/entitycore/kibana_resource_envelope.go:173.98,175.19 2 1
github.com/elastic/terraform-provider-elasticstack/internal/entitycore/kibana_resource_envelope.go:175.19,177.3 1 1
github.com/elastic/terraform-provider-elasticstack/internal/entitycore/kibana_resource_envelope.go:178.2,178.78 1 1
github.com/elastic/terraform-provider-elasticstack/internal/entitycore/kibana_resource_envelope.go:183.116,184.25 1 1
github.com/elastic/terraform-provider-elasticstack/internal/entitycore/kibana_resource_envelope.go:184.25,190.3 2 1
github.com/elastic/terraform-provider-elasticstack/internal/entitycore/kibana_resource_envelope.go:192.2,194.33 3 1
github.com/elastic/terraform-provider-elasticstack/internal/entitycore/kibana_resource_envelope.go:194.33,196.3 1 0
github.com/elastic/terraform-provider-elasticstack/internal/entitycore/kibana_resource_envelope.go:198.2,199.64 2 1
github.com/elastic/terraform-provider-elasticstack/internal/entitycore/kibana_resource_envelope.go:199.64,205.3 2 1
github.com/elastic/terraform-provider-elasticstack/internal/entitycore/kibana_resource_envelope.go:207.2,209.33 3 1
github.com/elastic/terraform-provider-elasticstack/internal/entitycore/kibana_resource_envelope.go:209.33,211.3 1 1
github.com/elastic/terraform-provider-elasticstack/internal/entitycore/kibana_resource_envelope.go:213.2,215.33 3 1
github.com/elastic/terraform-provider-elasticstack/internal/entitycore/kibana_resource_envelope.go:215.33,217.3 1 1
github.com/elastic/terraform-provider-elasticstack/internal/entitycore/kibana_resource_envelope.go:219.2,219.63 1 1
github.com/elastic/terraform-provider-elasticstack/internal/entitycore/kibana_resource_envelope.go:227.110,228.23 1 1
github.com/elastic/terraform-provider-elasticstack/internal/entitycore/kibana_resource_envelope.go:228.23,234.3 2 1
github.com/elastic/terraform-provider-elasticstack/internal/entitycore/kibana_resource_envelope.go:236.2,238.33 3 1
github.com/elastic/terraform-provider-elasticstack/internal/entitycore/kibana_resource_envelope.go:238.33,240.3 1 1
github.com/elastic/terraform-provider-elasticstack/internal/entitycore/kibana_resource_envelope.go:242.2,243.22 2 1
github.com/elastic/terraform-provider-elasticstack/internal/entitycore/kibana_resource_envelope.go:243.22,249.3 2 1
github.com/elastic/terraform-provider-elasticstack/internal/entitycore/kibana_resource_envelope.go:251.2,253.33 3 1
github.com/elastic/terraform-provider-elasticstack/internal/entitycore/kibana_resource_envelope.go:253.33,255.3 1 1
github.com/elastic/terraform-provider-elasticstack/internal/entitycore/kibana_resource_envelope.go:257.2,259.33 3 1
github.com/elastic/terraform-provider-elasticstack/internal/entitycore/kibana_resource_envelope.go:259.33,261.3 1 1
github.com/elastic/terraform-provider-elasticstack/internal/entitycore/kibana_resource_envelope.go:263.2,263.11 1 1
github.com/elastic/terraform-provider-elasticstack/internal/entitycore/kibana_resource_envelope.go:263.11,265.3 1 1
github.com/elastic/terraform-provider-elasticstack/internal/entitycore/kibana_resource_envelope.go:265.8,267.3 1 1
github.com/elastic/terraform-provider-elasticstack/internal/entitycore/kibana_resource_envelope.go:273.116,274.25 1 1
github.com/elastic/terraform-provider-elasticstack/internal/entitycore/kibana_resource_envelope.go:274.25,280.3 2 1
github.com/elastic/terraform-provider-elasticstack/internal/entitycore/kibana_resource_envelope.go:282.2,284.33 3 1
github.com/elastic/terraform-provider-elasticstack/internal/entitycore/kibana_resource_envelope.go:284.33,286.3 1 0
github.com/elastic/terraform-provider-elasticstack/internal/entitycore/kibana_resource_envelope.go:288.2,290.33 3 1
github.com/elastic/terraform-provider-elasticstack/internal/entitycore/kibana_resource_envelope.go:290.33,292.3 1 0
github.com/elastic/terraform-provider-elasticstack/internal/entitycore/kibana_resource_envelope.go:294.2,295.22 2 1
github.com/elastic/terraform-provider-elasticstack/internal/entitycore/kibana_resource_envelope.go:295.22,301.3 2 1
github.com/elastic/terraform-provider-elasticstack/internal/entitycore/kibana_resource_envelope.go:303.2,305.33 3 1
github.com/elastic/terraform-provider-elasticstack/internal/entitycore/kibana_resource_envelope.go:305.33,307.3 1 1
github.com/elastic/terraform-provider-elasticstack/internal/entitycore/kibana_resource_envelope.go:309.2,311.33 3 1
github.com/elastic/terraform-provider-elasticstack/internal/entitycore/kibana_resource_envelope.go:311.33,313.3 1 1
github.com/elastic/terraform-provider-elasticstack/internal/entitycore/kibana_resource_envelope.go:315.2,315.63 1 1
github.com/elastic/terraform-provider-elasticstack/internal/entitycore/kibana_resource_envelope.go:320.116,321.25 1 1
github.com/elastic/terraform-provider-elasticstack/internal/entitycore/kibana_resource_envelope.go:321.25,327.3 2 1
github.com/elastic/terraform-provider-elasticstack/internal/entitycore/kibana_resource_envelope.go:329.2,331.33 3 1
github.com/elastic/terraform-provider-elasticstack/internal/entitycore/kibana_resource_envelope.go:331.33,333.3 1 1
github.com/elastic/terraform-provider-elasticstack/internal/entitycore/kibana_resource_envelope.go:335.2,336.22 2 1
github.com/elastic/terraform-provider-elasticstack/internal/entitycore/kibana_resource_envelope.go:336.22,342.3 2 1
github.com/elastic/terraform-provider-elasticstack/internal/entitycore/kibana_resource_envelope.go:344.2,346.33 3 1
github.com/elastic/terraform-provider-elasticstack/internal/entitycore/kibana_resource_envelope.go:346.33,348.3 1 1
github.com/elastic/terraform-provider-elasticstack/internal/entitycore/kibana_resource_envelope.go:350.2,350.83 1 1
github.com/elastic/terraform-provider-elasticstack/internal/entitycore/resource_base.go:51.78,53.2 1 1
github.com/elastic/terraform-provider-elasticstack/internal/entitycore/resource_base.go:60.118,63.33 3 1
github.com/elastic/terraform-provider-elasticstack/internal/entitycore/resource_base.go:63.33,65.3 1 1
github.com/elastic/terraform-provider-elasticstack/internal/entitycore/resource_base.go:66.2,66.20 1 1
github.com/elastic/terraform-provider-elasticstack/internal/entitycore/resource_base.go:71.115,73.2 1 1
github.com/elastic/terraform-provider-elasticstack/internal/entitycore/resource_base.go:79.64,80.14 1 1
github.com/elastic/terraform-provider-elasticstack/internal/entitycore/resource_base.go:80.14,82.3 1 1
github.com/elastic/terraform-provider-elasticstack/internal/entitycore/resource_base.go:83.2,83.17 1 1
github.com/elastic/terraform-provider-elasticstack/internal/entitycore/resource_envelope.go:106.134,107.107 1 1
github.com/elastic/terraform-provider-elasticstack/internal/entitycore/resource_envelope.go:107.107,115.3 4 1
github.com/elastic/terraform-provider-elasticstack/internal/entitycore/resource_envelope.go:116.2,116.15 1 1
github.com/elastic/terraform-provider-elasticstack/internal/entitycore/resource_envelope.go:132.29,141.2 1 1
github.com/elastic/terraform-provider-elasticstack/internal/entitycore/resource_envelope.go:145.119,152.2 6 1
github.com/elastic/terraform-provider-elasticstack/internal/entitycore/resource_envelope.go:156.123,158.2 1 1
github.com/elastic/terraform-provider-elasticstack/internal/entitycore/resource_envelope.go:165.117,168.33 3 1
github.com/elastic/terraform-provider-elasticstack/internal/entitycore/resource_envelope.go:168.33,170.3 1 1
github.com/elastic/terraform-provider-elasticstack/internal/entitycore/resource_envelope.go:172.2,174.33 3 1
github.com/elastic/terraform-provider-elasticstack/internal/entitycore/resource_envelope.go:174.33,176.3 1 1
github.com/elastic/terraform-provider-elasticstack/internal/entitycore/resource_envelope.go:178.2,180.33 3 1
github.com/elastic/terraform-provider-elasticstack/internal/entitycore/resource_envelope.go:180.33,182.3 1 1
github.com/elastic/terraform-provider-elasticstack/internal/entitycore/resource_envelope.go:184.2,186.33 3 1
github.com/elastic/terraform-provider-elasticstack/internal/entitycore/resource_envelope.go:186.33,188.3 1 1
github.com/elastic/terraform-provider-elasticstack/internal/entitycore/resource_envelope.go:190.2,190.11 1 1
github.com/elastic/terraform-provider-elasticstack/internal/entitycore/resource_envelope.go:190.11,192.3 1 1
github.com/elastic/terraform-provider-elasticstack/internal/entitycore/resource_envelope.go:192.8,194.3 1 1
github.com/elastic/terraform-provider-elasticstack/internal/entitycore/resource_envelope.go:198.123,200.2 1 1
github.com/elastic/terraform-provider-elasticstack/internal/entitycore/resource_envelope.go:207.20,210.15 3 1
github.com/elastic/terraform-provider-elasticstack/internal/entitycore/resource_envelope.go:210.15,216.3 2 1
github.com/elastic/terraform-provider-elasticstack/internal/entitycore/resource_envelope.go:218.2,219.22 2 1
github.com/elastic/terraform-provider-elasticstack/internal/entitycore/resource_envelope.go:219.22,221.3 1 0
github.com/elastic/terraform-provider-elasticstack/internal/entitycore/resource_envelope.go:223.2,224.64 2 1
github.com/elastic/terraform-provider-elasticstack/internal/entitycore/resource_envelope.go:224.64,230.3 2 1
github.com/elastic/terraform-provider-elasticstack/internal/entitycore/resource_envelope.go:232.2,234.22 3 1
github.com/elastic/terraform-provider-elasticstack/internal/entitycore/resource_envelope.go:234.22,236.3 1 1
github.com/elastic/terraform-provider-elasticstack/internal/entitycore/resource_envelope.go:238.2,240.22 3 1
github.com/elastic/terraform-provider-elasticstack/internal/entitycore/resource_envelope.go:240.22,242.3 1 1
github.com/elastic/terraform-provider-elasticstack/internal/entitycore/resource_envelope.go:244.2,245.14 2 1
github.com/elastic/terraform-provider-elasticstack/internal/entitycore/resource_envelope.go:250.123,253.33 3 1
github.com/elastic/terraform-provider-elasticstack/internal/entitycore/resource_envelope.go:253.33,255.3 1 1
github.com/elastic/terraform-provider-elasticstack/internal/entitycore/resource_envelope.go:257.2,259.33 3 1
github.com/elastic/terraform-provider-elasticstack/internal/entitycore/resource_envelope.go:259.33,261.3 1 1
github.com/elastic/terraform-provider-elasticstack/internal/entitycore/resource_envelope.go:263.2,265.33 3 1
github.com/elastic/terraform-provider-elasticstack/internal/entitycore/resource_envelope.go:265.33,267.3 1 1
github.com/elastic/terraform-provider-elasticstack/internal/entitycore/resource_envelope.go:269.2,269.81 1 1
