mode: set
github.com/elastic/terraform-provider-elasticstack/scripts/compile-workflow-sources/compiler.go:61.102,63.16 2 0
github.com/elastic/terraform-provider-elasticstack/scripts/compile-workflow-sources/compiler.go:63.16,65.3 1 0
github.com/elastic/terraform-provider-elasticstack/scripts/compile-workflow-sources/compiler.go:67.2,68.67 2 0
github.com/elastic/terraform-provider-elasticstack/scripts/compile-workflow-sources/compiler.go:68.67,70.3 1 0
github.com/elastic/terraform-provider-elasticstack/scripts/compile-workflow-sources/compiler.go:72.2,73.46 2 0
github.com/elastic/terraform-provider-elasticstack/scripts/compile-workflow-sources/compiler.go:73.46,81.17 2 0
github.com/elastic/terraform-provider-elasticstack/scripts/compile-workflow-sources/compiler.go:81.17,83.4 1 0
github.com/elastic/terraform-provider-elasticstack/scripts/compile-workflow-sources/compiler.go:84.3,84.36 1 0
github.com/elastic/terraform-provider-elasticstack/scripts/compile-workflow-sources/compiler.go:87.2,87.21 1 0
github.com/elastic/terraform-provider-elasticstack/scripts/compile-workflow-sources/compiler.go:90.66,92.16 2 1
github.com/elastic/terraform-provider-elasticstack/scripts/compile-workflow-sources/compiler.go:92.16,94.3 1 0
github.com/elastic/terraform-provider-elasticstack/scripts/compile-workflow-sources/compiler.go:96.2,102.16 2 1
github.com/elastic/terraform-provider-elasticstack/scripts/compile-workflow-sources/compiler.go:102.16,104.3 1 1
github.com/elastic/terraform-provider-elasticstack/scripts/compile-workflow-sources/compiler.go:106.2,111.16 2 1
github.com/elastic/terraform-provider-elasticstack/scripts/compile-workflow-sources/compiler.go:111.16,113.52 2 1
github.com/elastic/terraform-provider-elasticstack/scripts/compile-workflow-sources/compiler.go:113.52,115.4 1 0
github.com/elastic/terraform-provider-elasticstack/scripts/compile-workflow-sources/compiler.go:117.3,119.30 3 1
github.com/elastic/terraform-provider-elasticstack/scripts/compile-workflow-sources/compiler.go:119.30,121.18 2 1
github.com/elastic/terraform-provider-elasticstack/scripts/compile-workflow-sources/compiler.go:121.18,123.5 1 0
github.com/elastic/terraform-provider-elasticstack/scripts/compile-workflow-sources/compiler.go:126.3,130.9 1 1
github.com/elastic/terraform-provider-elasticstack/scripts/compile-workflow-sources/compiler.go:133.2,133.87 1 1
github.com/elastic/terraform-provider-elasticstack/scripts/compile-workflow-sources/compiler.go:133.87,135.3 1 0
github.com/elastic/terraform-provider-elasticstack/scripts/compile-workflow-sources/compiler.go:137.2,140.8 1 1
github.com/elastic/terraform-provider-elasticstack/scripts/compile-workflow-sources/compiler.go:143.101,145.16 2 1
github.com/elastic/terraform-provider-elasticstack/scripts/compile-workflow-sources/compiler.go:145.16,147.3 1 1
github.com/elastic/terraform-provider-elasticstack/scripts/compile-workflow-sources/compiler.go:149.2,150.23 2 1
github.com/elastic/terraform-provider-elasticstack/scripts/compile-workflow-sources/compiler.go:150.23,152.3 1 1
github.com/elastic/terraform-provider-elasticstack/scripts/compile-workflow-sources/compiler.go:154.2,157.32 3 1
github.com/elastic/terraform-provider-elasticstack/scripts/compile-workflow-sources/compiler.go:157.32,168.32 8 1
github.com/elastic/terraform-provider-elasticstack/scripts/compile-workflow-sources/compiler.go:168.32,173.4 1 1
github.com/elastic/terraform-provider-elasticstack/scripts/compile-workflow-sources/compiler.go:175.3,176.17 2 1
github.com/elastic/terraform-provider-elasticstack/scripts/compile-workflow-sources/compiler.go:176.17,178.4 1 0
github.com/elastic/terraform-provider-elasticstack/scripts/compile-workflow-sources/compiler.go:180.3,184.17 4 1
github.com/elastic/terraform-provider-elasticstack/scripts/compile-workflow-sources/compiler.go:184.17,186.4 1 1
github.com/elastic/terraform-provider-elasticstack/scripts/compile-workflow-sources/compiler.go:188.3,189.22 2 1
github.com/elastic/terraform-provider-elasticstack/scripts/compile-workflow-sources/compiler.go:192.2,193.29 2 1
github.com/elastic/terraform-provider-elasticstack/scripts/compile-workflow-sources/compiler.go:196.107,198.23 2 1
github.com/elastic/terraform-provider-elasticstack/scripts/compile-workflow-sources/compiler.go:198.23,200.3 1 1
github.com/elastic/terraform-provider-elasticstack/scripts/compile-workflow-sources/compiler.go:202.2,205.32 3 1
github.com/elastic/terraform-provider-elasticstack/scripts/compile-workflow-sources/compiler.go:205.32,216.32 8 1
github.com/elastic/terraform-provider-elasticstack/scripts/compile-workflow-sources/compiler.go:216.32,221.4 1 0
github.com/elastic/terraform-provider-elasticstack/scripts/compile-workflow-sources/compiler.go:223.3,224.17 2 1
github.com/elastic/terraform-provider-elasticstack/scripts/compile-workflow-sources/compiler.go:224.17,226.4 1 0
github.com/elastic/terraform-provider-elasticstack/scripts/compile-workflow-sources/compiler.go:228.3,232.17 4 1
github.com/elastic/terraform-provider-elasticstack/scripts/compile-workflow-sources/compiler.go:232.17,234.4 1 1
github.com/elastic/terraform-provider-elasticstack/scripts/compile-workflow-sources/compiler.go:236.3,238.22 3 1
github.com/elastic/terraform-provider-elasticstack/scripts/compile-workflow-sources/compiler.go:241.2,242.29 2 1
github.com/elastic/terraform-provider-elasticstack/scripts/compile-workflow-sources/compiler.go:245.54,249.2 3 1
github.com/elastic/terraform-provider-elasticstack/scripts/compile-workflow-sources/compiler.go:251.46,252.21 1 1
github.com/elastic/terraform-provider-elasticstack/scripts/compile-workflow-sources/compiler.go:252.21,253.107 1 1
github.com/elastic/terraform-provider-elasticstack/scripts/compile-workflow-sources/compiler.go:253.107,255.4 1 1
github.com/elastic/terraform-provider-elasticstack/scripts/compile-workflow-sources/compiler.go:257.2,257.14 1 1
github.com/elastic/terraform-provider-elasticstack/scripts/compile-workflow-sources/compiler.go:260.49,262.29 2 1
github.com/elastic/terraform-provider-elasticstack/scripts/compile-workflow-sources/compiler.go:262.29,264.3 1 1
github.com/elastic/terraform-provider-elasticstack/scripts/compile-workflow-sources/compiler.go:265.2,265.34 1 1
github.com/elastic/terraform-provider-elasticstack/scripts/compile-workflow-sources/compiler.go:268.63,269.41 1 1
github.com/elastic/terraform-provider-elasticstack/scripts/compile-workflow-sources/compiler.go:269.41,271.3 1 1
github.com/elastic/terraform-provider-elasticstack/scripts/compile-workflow-sources/compiler.go:272.2,272.36 1 1
github.com/elastic/terraform-provider-elasticstack/scripts/compile-workflow-sources/compiler.go:275.65,283.2 2 1
github.com/elastic/terraform-provider-elasticstack/scripts/compile-workflow-sources/compiler.go:285.53,286.32 1 1
github.com/elastic/terraform-provider-elasticstack/scripts/compile-workflow-sources/compiler.go:286.32,288.3 1 1
github.com/elastic/terraform-provider-elasticstack/scripts/compile-workflow-sources/compiler.go:289.2,289.59 1 1
github.com/elastic/terraform-provider-elasticstack/scripts/compile-workflow-sources/compiler.go:292.63,294.16 2 1
github.com/elastic/terraform-provider-elasticstack/scripts/compile-workflow-sources/compiler.go:294.16,296.3 1 0
github.com/elastic/terraform-provider-elasticstack/scripts/compile-workflow-sources/compiler.go:297.2,297.35 1 1
github.com/elastic/terraform-provider-elasticstack/scripts/compile-workflow-sources/compiler.go:300.101,310.2 2 1
github.com/elastic/terraform-provider-elasticstack/scripts/compile-workflow-sources/main.go:28.13,29.63 1 0
github.com/elastic/terraform-provider-elasticstack/scripts/compile-workflow-sources/main.go:29.63,32.3 2 0
github.com/elastic/terraform-provider-elasticstack/scripts/compile-workflow-sources/main.go:35.56,46.39 9 1
github.com/elastic/terraform-provider-elasticstack/scripts/compile-workflow-sources/main.go:46.39,48.3 1 0
github.com/elastic/terraform-provider-elasticstack/scripts/compile-workflow-sources/main.go:50.2,51.19 2 1
github.com/elastic/terraform-provider-elasticstack/scripts/compile-workflow-sources/main.go:51.19,53.17 2 0
github.com/elastic/terraform-provider-elasticstack/scripts/compile-workflow-sources/main.go:53.17,55.4 1 0
github.com/elastic/terraform-provider-elasticstack/scripts/compile-workflow-sources/main.go:56.3,56.15 1 0
github.com/elastic/terraform-provider-elasticstack/scripts/compile-workflow-sources/main.go:59.2,60.16 2 1
github.com/elastic/terraform-provider-elasticstack/scripts/compile-workflow-sources/main.go:60.16,62.3 1 0
github.com/elastic/terraform-provider-elasticstack/scripts/compile-workflow-sources/main.go:64.2,65.24 2 1
github.com/elastic/terraform-provider-elasticstack/scripts/compile-workflow-sources/main.go:65.24,67.3 1 1
github.com/elastic/terraform-provider-elasticstack/scripts/compile-workflow-sources/main.go:67.8,69.3 1 0
github.com/elastic/terraform-provider-elasticstack/scripts/compile-workflow-sources/main.go:71.2,73.9 2 1
github.com/elastic/terraform-provider-elasticstack/scripts/compile-workflow-sources/main.go:74.40,75.39 1 1
github.com/elastic/terraform-provider-elasticstack/scripts/compile-workflow-sources/main.go:75.39,77.4 1 0
github.com/elastic/terraform-provider-elasticstack/scripts/compile-workflow-sources/main.go:79.3,86.17 2 1
github.com/elastic/terraform-provider-elasticstack/scripts/compile-workflow-sources/main.go:86.17,88.4 1 0
github.com/elastic/terraform-provider-elasticstack/scripts/compile-workflow-sources/main.go:89.3,89.36 1 1
github.com/elastic/terraform-provider-elasticstack/scripts/compile-workflow-sources/main.go:90.10,92.17 2 0
github.com/elastic/terraform-provider-elasticstack/scripts/compile-workflow-sources/main.go:92.17,94.4 1 0
github.com/elastic/terraform-provider-elasticstack/scripts/compile-workflow-sources/main.go:97.2,97.12 1 1
github.com/elastic/terraform-provider-elasticstack/scripts/compile-workflow-sources/main.go:97.12,99.34 2 1
github.com/elastic/terraform-provider-elasticstack/scripts/compile-workflow-sources/main.go:99.34,100.22 1 1
github.com/elastic/terraform-provider-elasticstack/scripts/compile-workflow-sources/main.go:100.22,102.38 2 1
github.com/elastic/terraform-provider-elasticstack/scripts/compile-workflow-sources/main.go:102.38,104.6 1 1
github.com/elastic/terraform-provider-elasticstack/scripts/compile-workflow-sources/main.go:105.5,105.37 1 1
github.com/elastic/terraform-provider-elasticstack/scripts/compile-workflow-sources/main.go:108.3,108.23 1 1
github.com/elastic/terraform-provider-elasticstack/scripts/compile-workflow-sources/main.go:108.23,110.4 1 1
github.com/elastic/terraform-provider-elasticstack/scripts/compile-workflow-sources/main.go:111.3,111.13 1 0
github.com/elastic/terraform-provider-elasticstack/scripts/compile-workflow-sources/main.go:114.2,114.33 1 0
github.com/elastic/terraform-provider-elasticstack/scripts/compile-workflow-sources/main.go:114.33,116.3 1 0
github.com/elastic/terraform-provider-elasticstack/scripts/compile-workflow-sources/main.go:118.2,118.12 1 0
